INFO [acme.Launcher] Starting Launcher using Java 1.8.0_281 on LAPTOP-SGHB5FGA with PID 17124 (C:\Users\Antonio\Documents\antonio\informatica\cuarto 2\DP2 Diciembre\Workspace-21.1\Projects\Acme-Endeavours\Acme-Endeavours\target\classes started by ant_1 in C:\Users\Antonio\Documents\antonio\informatica\cuarto 2\DP2 Diciembre\Workspace-21.1\Projects\Acme-Endeavours\Acme-Endeavours)
INFO [acme.Launcher] The following profiles are active: development,populator
INFO [acme.Launcher] Started Launcher in 21.156 seconds (JVM running for 22.233)
INFO [acme.framework.utilities.DatabasePopulator] Populating sample data
INFO [acme.framework.utilities.DatabasePopulator] Recreating schema
INFO [acme.framework.utilities.DatabasePopulator] Populating entities from classpath:/WEB-INF/population/initial-data.xml
INFO [acme.framework.utilities.DatabasePopulator] Validating your entities.
INFO [acme.framework.utilities.DatabasePopulator] Validating anonymousUserAccount ... PASS
INFO [acme.framework.utilities.DatabasePopulator] Validating anonymousAnonymous ... PASS
INFO [acme.framework.utilities.DatabasePopulator] Validating administratorUserAccount ... PASS
INFO [acme.framework.utilities.DatabasePopulator] Validating administratorAdministrator ... PASS
INFO [acme.framework.utilities.DatabasePopulator] Validating administratorAuthenticated ... PASS
INFO [acme.framework.utilities.DatabasePopulator] Sorting your entities topologically.
INFO [acme.framework.utilities.DatabasePopulator] > Setting index 0 for anonymousUserAccount.
INFO [acme.framework.utilities.DatabasePopulator] > Setting index 1 for anonymousAnonymous.
INFO [acme.framework.utilities.DatabasePopulator] > Setting index 2 for administratorUserAccount.
INFO [acme.framework.utilities.DatabasePopulator] > Setting index 3 for administratorAdministrator.
INFO [acme.framework.utilities.DatabasePopulator] > Setting index 4 for administratorAuthenticated.
INFO [acme.framework.utilities.DatabasePopulator] Persiting your entities.
INFO [acme.framework.utilities.DatabasePopulator] > Persisting anonymousUserAccount = acme.framework.entities.UserAccount{id=1, version=0}
INFO [acme.framework.utilities.DatabasePopulator] > Persisting anonymousAnonymous = acme.framework.entities.Anonymous{id=2, version=0}
INFO [acme.framework.utilities.DatabasePopulator] > Persisting administratorUserAccount = acme.framework.entities.UserAccount{id=3, version=0}
INFO [acme.framework.utilities.DatabasePopulator] > Persisting administratorAdministrator = acme.framework.entities.Administrator{id=4, version=0}
INFO [acme.framework.utilities.DatabasePopulator] > Persisting administratorAuthenticated = acme.framework.entities.Authenticated{id=5, version=0}
INFO [acme.framework.utilities.DatabasePopulator] Populating entities from classpath:/WEB-INF/population/sample-data.xml
INFO [acme.framework.utilities.DatabasePopulator] Validating your entities.
INFO [acme.framework.utilities.DatabasePopulator] Validating duty01 ... PASS
INFO [acme.framework.utilities.DatabasePopulator] Validating duty11 ... PASS
INFO [acme.framework.utilities.DatabasePopulator] Validating duty21 ... PASS
INFO [acme.framework.utilities.DatabasePopulator] Validating duty31 ... PASS
INFO [acme.framework.utilities.DatabasePopulator] Validating duty41 ... PASS
INFO [acme.framework.utilities.DatabasePopulator] Validating duty51 ... PASS
INFO [acme.framework.utilities.DatabasePopulator] Validating duty61 ... PASS
INFO [acme.framework.utilities.DatabasePopulator] Validating duty02 ... PASS
INFO [acme.framework.utilities.DatabasePopulator] Validating duty03 ... PASS
INFO [acme.framework.utilities.DatabasePopulator] Validating duty04 ... PASS
INFO [acme.framework.utilities.DatabasePopulator] Validating duty05 ... PASS
INFO [acme.framework.utilities.DatabasePopulator] Validating duty15 ... PASS
INFO [acme.framework.utilities.DatabasePopulator] Validating duty25 ... PASS
INFO [acme.framework.utilities.DatabasePopulator] Validating duty35 ... PASS
INFO [acme.framework.utilities.DatabasePopulator] Validating duty45 ... PASS
INFO [acme.framework.utilities.DatabasePopulator] Validating duty55 ... PASS
INFO [acme.framework.utilities.DatabasePopulator] Validating duty65 ... PASS
INFO [acme.framework.utilities.DatabasePopulator] Validating officer1UserAccount ... PASS
INFO [acme.framework.utilities.DatabasePopulator] Validating officer1Officer ... PASS
INFO [acme.framework.utilities.DatabasePopulator] Validating officer1Authenticated ... PASS
INFO [acme.framework.utilities.DatabasePopulator] Validating officer2UserAccount ... PASS
INFO [acme.framework.utilities.DatabasePopulator] Validating officer2Officer ... PASS
INFO [acme.framework.utilities.DatabasePopulator] Validating officer2Authenticated ... PASS
INFO [acme.framework.utilities.DatabasePopulator] Sorting your entities topologically.
INFO [acme.framework.utilities.DatabasePopulator] > Setting index 0 for duty01.
INFO [acme.framework.utilities.DatabasePopulator] > Setting index 1 for duty11.
INFO [acme.framework.utilities.DatabasePopulator] > Setting index 2 for duty21.
INFO [acme.framework.utilities.DatabasePopulator] > Setting index 3 for duty31.
INFO [acme.framework.utilities.DatabasePopulator] > Setting index 4 for duty41.
INFO [acme.framework.utilities.DatabasePopulator] > Setting index 5 for duty51.
INFO [acme.framework.utilities.DatabasePopulator] > Setting index 6 for duty61.
INFO [acme.framework.utilities.DatabasePopulator] > Setting index 7 for duty02.
INFO [acme.framework.utilities.DatabasePopulator] > Setting index 8 for duty03.
INFO [acme.framework.utilities.DatabasePopulator] > Setting index 9 for duty04.
INFO [acme.framework.utilities.DatabasePopulator] > Setting index 10 for duty05.
INFO [acme.framework.utilities.DatabasePopulator] > Setting index 11 for duty15.
INFO [acme.framework.utilities.DatabasePopulator] > Setting index 12 for duty25.
INFO [acme.framework.utilities.DatabasePopulator] > Setting index 13 for duty35.
INFO [acme.framework.utilities.DatabasePopulator] > Setting index 14 for duty45.
INFO [acme.framework.utilities.DatabasePopulator] > Setting index 15 for duty55.
INFO [acme.framework.utilities.DatabasePopulator] > Setting index 16 for duty65.
INFO [acme.framework.utilities.DatabasePopulator] > Setting index 17 for officer1UserAccount.
INFO [acme.framework.utilities.DatabasePopulator] > Setting index 18 for officer1Officer.
INFO [acme.framework.utilities.DatabasePopulator] > Setting index 19 for officer1Authenticated.
INFO [acme.framework.utilities.DatabasePopulator] > Setting index 20 for officer2UserAccount.
INFO [acme.framework.utilities.DatabasePopulator] > Setting index 21 for officer2Officer.
INFO [acme.framework.utilities.DatabasePopulator] > Setting index 22 for officer2Authenticated.
INFO [acme.framework.utilities.DatabasePopulator] Persiting your entities.
INFO [acme.framework.utilities.DatabasePopulator] > Persisting duty01 = acme.entities.duties.Duty{id=6, version=0}
INFO [acme.framework.utilities.DatabasePopulator] > Persisting duty11 = acme.entities.duties.Duty{id=7, version=0}
INFO [acme.framework.utilities.DatabasePopulator] > Persisting duty21 = acme.entities.duties.Duty{id=8, version=0}
INFO [acme.framework.utilities.DatabasePopulator] > Persisting duty31 = acme.entities.duties.Duty{id=9, version=0}
INFO [acme.framework.utilities.DatabasePopulator] > Persisting duty41 = acme.entities.duties.Duty{id=10, version=0}
INFO [acme.framework.utilities.DatabasePopulator] > Persisting duty51 = acme.entities.duties.Duty{id=11, version=0}
INFO [acme.framework.utilities.DatabasePopulator] > Persisting duty61 = acme.entities.duties.Duty{id=12, version=0}
INFO [acme.framework.utilities.DatabasePopulator] > Persisting duty02 = acme.entities.duties.Duty{id=13, version=0}
INFO [acme.framework.utilities.DatabasePopulator] > Persisting duty03 = acme.entities.duties.Duty{id=14, version=0}
INFO [acme.framework.utilities.DatabasePopulator] > Persisting duty04 = acme.entities.duties.Duty{id=15, version=0}
INFO [acme.framework.utilities.DatabasePopulator] > Persisting duty05 = acme.entities.duties.Duty{id=16, version=0}
INFO [acme.framework.utilities.DatabasePopulator] > Persisting duty15 = acme.entities.duties.Duty{id=17, version=0}
INFO [acme.framework.utilities.DatabasePopulator] > Persisting duty25 = acme.entities.duties.Duty{id=18, version=0}
INFO [acme.framework.utilities.DatabasePopulator] > Persisting duty35 = acme.entities.duties.Duty{id=19, version=0}
INFO [acme.framework.utilities.DatabasePopulator] > Persisting duty45 = acme.entities.duties.Duty{id=20, version=0}
INFO [acme.framework.utilities.DatabasePopulator] > Persisting duty55 = acme.entities.duties.Duty{id=21, version=0}
INFO [acme.framework.utilities.DatabasePopulator] > Persisting duty65 = acme.entities.duties.Duty{id=22, version=0}
INFO [acme.framework.utilities.DatabasePopulator] > Persisting officer1UserAccount = acme.framework.entities.UserAccount{id=23, version=0}
INFO [acme.framework.utilities.DatabasePopulator] > Persisting officer1Officer = acme.entities.roles.Officer{id=24, version=0}
INFO [acme.framework.utilities.DatabasePopulator] > Persisting officer1Authenticated = acme.framework.entities.Authenticated{id=25, version=0}
INFO [acme.framework.utilities.DatabasePopulator] > Persisting officer2UserAccount = acme.framework.entities.UserAccount{id=26, version=0}
INFO [acme.framework.utilities.DatabasePopulator] > Persisting officer2Officer = acme.entities.roles.Officer{id=27, version=0}
INFO [acme.framework.utilities.DatabasePopulator] > Persisting officer2Authenticated = acme.framework.entities.Authenticated{id=28, version=0}
INFO [acme.framework.configuration.ShutdownConfiguration] The system is shutting down...
ERROR [org.apache.jsp.WEB_002dINF.views.framework.panic_jsp] HTTP POST /Acme-Endeavours/WEB-INF/views/framework/page.jsp HTTP/1.1
ERROR [org.apache.jsp.WEB_002dINF.views.framework.panic_jsp] Status: 500
ERROR [org.apache.jsp.WEB_002dINF.views.framework.panic_jsp] Exception: org.springframework.orm.jpa.JpaTransactionManager.doCommit(JpaTransactionManager.java:571): Could not commit JPA transaction; nested exception is javax.persistence.RollbackException: Error while committing the transaction
org.hibernate.internal.ExceptionConverterImpl.convertCommitException(ExceptionConverterImpl.java:81): Error while committing the transaction
org.hibernate.cfg.beanvalidation.BeanValidationEventListener.validate(BeanValidationEventListener.java:140): Validation failed for classes [acme.entities.shouts.Tremmer] during persist time for groups [javax.validation.groups.Default, ]
List of constraint violations:[
	ConstraintViolationImpl{interpolatedMessage='must not be null', propertyPath=budget, rootBeanClass=class acme.entities.shouts.Tremmer, messageTemplate='{javax.validation.constraints.NotNull.message}'}
	ConstraintViolationImpl{interpolatedMessage='must not be null', propertyPath=deadline, rootBeanClass=class acme.entities.shouts.Tremmer, messageTemplate='{javax.validation.constraints.NotNull.message}'}
	ConstraintViolationImpl{interpolatedMessage='must not be empty', propertyPath=tracker, rootBeanClass=class acme.entities.shouts.Tremmer, messageTemplate='{javax.validation.constraints.NotEmpty.message}'}
]
WARN [com.zaxxer.hikari.pool.HikariPool] {} - Thread starvation or clock leap detected (housekeeper delta={}).
INFO [acme.Launcher] Starting Launcher using Java 1.8.0_281 on LAPTOP-SGHB5FGA with PID 19316 (C:\Users\Antonio\Documents\antonio\informatica\cuarto 2\DP2 Diciembre\Workspace-21.1\Projects\Acme-Endeavours\target\classes started by ant_1 in C:\Users\Antonio\Documents\antonio\informatica\cuarto 2\DP2 Diciembre\Workspace-21.1\Projects\Acme-Endeavours)
INFO [acme.Launcher] The following profiles are active: development,populator
INFO [acme.Launcher] Starting Launcher using Java 1.8.0_281 on LAPTOP-SGHB5FGA with PID 16812 (C:\Users\Antonio\Documents\antonio\informatica\cuarto 2\DP2 Diciembre\Workspace-21.1\Projects\Acme-Endeavours\target\classes started by ant_1 in C:\Users\Antonio\Documents\antonio\informatica\cuarto 2\DP2 Diciembre\Workspace-21.1\Projects\Acme-Endeavours)
INFO [acme.Launcher] The following profiles are active: development,populator
INFO [acme.Launcher] Started Launcher in 15.433 seconds (JVM running for 16.432)
INFO [acme.framework.utilities.DatabasePopulator] Populating sample data
INFO [acme.framework.utilities.DatabasePopulator] Recreating schema
INFO [acme.framework.utilities.DatabasePopulator] Populating entities from classpath:/WEB-INF/population/initial-data.xml
INFO [acme.framework.utilities.DatabasePopulator] Validating your entities.
INFO [acme.framework.utilities.DatabasePopulator] Validating anonymousUserAccount ... PASS
INFO [acme.framework.utilities.DatabasePopulator] Validating anonymousAnonymous ... PASS
INFO [acme.framework.utilities.DatabasePopulator] Validating administratorUserAccount ... PASS
INFO [acme.framework.utilities.DatabasePopulator] Validating administratorAdministrator ... PASS
INFO [acme.framework.utilities.DatabasePopulator] Validating administratorAuthenticated ... PASS
INFO [acme.framework.utilities.DatabasePopulator] Sorting your entities topologically.
INFO [acme.framework.utilities.DatabasePopulator] > Setting index 0 for anonymousUserAccount.
INFO [acme.framework.utilities.DatabasePopulator] > Setting index 1 for anonymousAnonymous.
INFO [acme.framework.utilities.DatabasePopulator] > Setting index 2 for administratorUserAccount.
INFO [acme.framework.utilities.DatabasePopulator] > Setting index 3 for administratorAdministrator.
INFO [acme.framework.utilities.DatabasePopulator] > Setting index 4 for administratorAuthenticated.
INFO [acme.framework.utilities.DatabasePopulator] Persiting your entities.
INFO [acme.framework.utilities.DatabasePopulator] > Persisting anonymousUserAccount = acme.framework.entities.UserAccount{id=1, version=0}
INFO [acme.framework.utilities.DatabasePopulator] > Persisting anonymousAnonymous = acme.framework.entities.Anonymous{id=2, version=0}
INFO [acme.framework.utilities.DatabasePopulator] > Persisting administratorUserAccount = acme.framework.entities.UserAccount{id=3, version=0}
INFO [acme.framework.utilities.DatabasePopulator] > Persisting administratorAdministrator = acme.framework.entities.Administrator{id=4, version=0}
INFO [acme.framework.utilities.DatabasePopulator] > Persisting administratorAuthenticated = acme.framework.entities.Authenticated{id=5, version=0}
INFO [acme.framework.utilities.DatabasePopulator] Populating entities from classpath:/WEB-INF/population/sample-data.xml
INFO [acme.framework.configuration.ShutdownConfiguration] The system is shutting down...
INFO [acme.Launcher] Starting Launcher using Java 1.8.0_281 on LAPTOP-SGHB5FGA with PID 9520 (C:\Users\Antonio\Documents\antonio\informatica\cuarto 2\DP2 Diciembre\Workspace-21.1\Projects\Acme-Endeavours\target\classes started by ant_1 in C:\Users\Antonio\Documents\antonio\informatica\cuarto 2\DP2 Diciembre\Workspace-21.1\Projects\Acme-Endeavours)
INFO [acme.Launcher] The following profiles are active: development,populator
INFO [acme.Launcher] Started Launcher in 12.5 seconds (JVM running for 13.528)
INFO [acme.framework.utilities.DatabasePopulator] Populating sample data
INFO [acme.framework.utilities.DatabasePopulator] Recreating schema
INFO [acme.framework.utilities.DatabasePopulator] Populating entities from classpath:/WEB-INF/population/initial-data.xml
INFO [acme.framework.utilities.DatabasePopulator] Validating your entities.
INFO [acme.framework.utilities.DatabasePopulator] Validating anonymousUserAccount ... PASS
INFO [acme.framework.utilities.DatabasePopulator] Validating anonymousAnonymous ... PASS
INFO [acme.framework.utilities.DatabasePopulator] Validating administratorUserAccount ... PASS
INFO [acme.framework.utilities.DatabasePopulator] Validating administratorAdministrator ... PASS
INFO [acme.framework.utilities.DatabasePopulator] Validating administratorAuthenticated ... PASS
INFO [acme.framework.utilities.DatabasePopulator] Sorting your entities topologically.
INFO [acme.framework.utilities.DatabasePopulator] > Setting index 0 for anonymousUserAccount.
INFO [acme.framework.utilities.DatabasePopulator] > Setting index 1 for anonymousAnonymous.
INFO [acme.framework.utilities.DatabasePopulator] > Setting index 2 for administratorUserAccount.
INFO [acme.framework.utilities.DatabasePopulator] > Setting index 3 for administratorAdministrator.
INFO [acme.framework.utilities.DatabasePopulator] > Setting index 4 for administratorAuthenticated.
INFO [acme.framework.utilities.DatabasePopulator] Persiting your entities.
INFO [acme.framework.utilities.DatabasePopulator] > Persisting anonymousUserAccount = acme.framework.entities.UserAccount{id=1, version=0}
INFO [acme.framework.utilities.DatabasePopulator] > Persisting anonymousAnonymous = acme.framework.entities.Anonymous{id=2, version=0}
INFO [acme.framework.utilities.DatabasePopulator] > Persisting administratorUserAccount = acme.framework.entities.UserAccount{id=3, version=0}
INFO [acme.framework.utilities.DatabasePopulator] > Persisting administratorAdministrator = acme.framework.entities.Administrator{id=4, version=0}
INFO [acme.framework.utilities.DatabasePopulator] > Persisting administratorAuthenticated = acme.framework.entities.Authenticated{id=5, version=0}
INFO [acme.framework.utilities.DatabasePopulator] Populating entities from classpath:/WEB-INF/population/sample-data.xml
INFO [acme.framework.utilities.DatabasePopulator] Validating your entities.
INFO [acme.framework.utilities.DatabasePopulator] Validating shout01 ... PASS
INFO [acme.framework.utilities.DatabasePopulator] Validating shout02 ... PASS
INFO [acme.framework.utilities.DatabasePopulator] Validating shout03 ... PASS
INFO [acme.framework.utilities.DatabasePopulator] Validating shout04 ... PASS
INFO [acme.framework.utilities.DatabasePopulator] Validating shout05 ... PASS
INFO [acme.framework.utilities.DatabasePopulator] Validating shout06 ... PASS
INFO [acme.framework.utilities.DatabasePopulator] Validating shout07 ... PASS
INFO [acme.framework.utilities.DatabasePopulator] Validating duty01 ... PASS
INFO [acme.framework.utilities.DatabasePopulator] Validating duty11 ... PASS
INFO [acme.framework.utilities.DatabasePopulator] Validating duty21 ... PASS
INFO [acme.framework.utilities.DatabasePopulator] Validating duty31 ... PASS
INFO [acme.framework.utilities.DatabasePopulator] Validating duty41 ... PASS
INFO [acme.framework.utilities.DatabasePopulator] Validating duty51 ... PASS
INFO [acme.framework.utilities.DatabasePopulator] Validating duty61 ... PASS
INFO [acme.framework.utilities.DatabasePopulator] Validating duty02 ... PASS
INFO [acme.framework.utilities.DatabasePopulator] Validating duty03 ... PASS
INFO [acme.framework.utilities.DatabasePopulator] Validating duty04 ... PASS
INFO [acme.framework.utilities.DatabasePopulator] Validating duty05 ... PASS
INFO [acme.framework.utilities.DatabasePopulator] Validating duty15 ... PASS
INFO [acme.framework.utilities.DatabasePopulator] Validating duty25 ... PASS
INFO [acme.framework.utilities.DatabasePopulator] Validating duty35 ... PASS
INFO [acme.framework.utilities.DatabasePopulator] Validating duty45 ... PASS
INFO [acme.framework.utilities.DatabasePopulator] Validating duty55 ... PASS
INFO [acme.framework.utilities.DatabasePopulator] Validating duty65 ... PASS
INFO [acme.framework.utilities.DatabasePopulator] Validating officer1UserAccount ... PASS
INFO [acme.framework.utilities.DatabasePopulator] Validating officer1Officer ... PASS
INFO [acme.framework.utilities.DatabasePopulator] Validating officer1Authenticated ... PASS
INFO [acme.framework.utilities.DatabasePopulator] Validating officer2UserAccount ... PASS
INFO [acme.framework.utilities.DatabasePopulator] Validating officer2Officer ... PASS
INFO [acme.framework.utilities.DatabasePopulator] Validating officer2Authenticated ... PASS
INFO [acme.framework.utilities.DatabasePopulator] Sorting your entities topologically.
INFO [acme.framework.utilities.DatabasePopulator] > Setting index 0 for shout01.
INFO [acme.framework.utilities.DatabasePopulator] > Setting index 1 for shout02.
INFO [acme.framework.utilities.DatabasePopulator] > Setting index 2 for shout03.
INFO [acme.framework.utilities.DatabasePopulator] > Setting index 3 for shout04.
INFO [acme.framework.utilities.DatabasePopulator] > Setting index 4 for shout05.
INFO [acme.framework.utilities.DatabasePopulator] > Setting index 5 for shout06.
INFO [acme.framework.utilities.DatabasePopulator] > Setting index 6 for shout07.
INFO [acme.framework.utilities.DatabasePopulator] > Setting index 7 for duty01.
INFO [acme.framework.utilities.DatabasePopulator] > Setting index 8 for duty11.
INFO [acme.framework.utilities.DatabasePopulator] > Setting index 9 for duty21.
INFO [acme.framework.utilities.DatabasePopulator] > Setting index 10 for duty31.
INFO [acme.framework.utilities.DatabasePopulator] > Setting index 11 for duty41.
INFO [acme.framework.utilities.DatabasePopulator] > Setting index 12 for duty51.
INFO [acme.framework.utilities.DatabasePopulator] > Setting index 13 for duty61.
INFO [acme.framework.utilities.DatabasePopulator] > Setting index 14 for duty02.
INFO [acme.framework.utilities.DatabasePopulator] > Setting index 15 for duty03.
INFO [acme.framework.utilities.DatabasePopulator] > Setting index 16 for duty04.
INFO [acme.framework.utilities.DatabasePopulator] > Setting index 17 for duty05.
INFO [acme.framework.utilities.DatabasePopulator] > Setting index 18 for duty15.
INFO [acme.framework.utilities.DatabasePopulator] > Setting index 19 for duty25.
INFO [acme.framework.utilities.DatabasePopulator] > Setting index 20 for duty35.
INFO [acme.framework.utilities.DatabasePopulator] > Setting index 21 for duty45.
INFO [acme.framework.utilities.DatabasePopulator] > Setting index 22 for duty55.
INFO [acme.framework.utilities.DatabasePopulator] > Setting index 23 for duty65.
INFO [acme.framework.utilities.DatabasePopulator] > Setting index 24 for officer1UserAccount.
INFO [acme.framework.utilities.DatabasePopulator] > Setting index 25 for officer1Officer.
INFO [acme.framework.utilities.DatabasePopulator] > Setting index 26 for officer1Authenticated.
INFO [acme.framework.utilities.DatabasePopulator] > Setting index 27 for officer2UserAccount.
INFO [acme.framework.utilities.DatabasePopulator] > Setting index 28 for officer2Officer.
INFO [acme.framework.utilities.DatabasePopulator] > Setting index 29 for officer2Authenticated.
INFO [acme.framework.utilities.DatabasePopulator] Persiting your entities.
INFO [acme.framework.utilities.DatabasePopulator] > Persisting shout01 = acme.entities.shouts.Shout{id=6, version=0}
INFO [acme.framework.utilities.DatabasePopulator] > Persisting shout02 = acme.entities.shouts.Shout{id=7, version=0}
INFO [acme.framework.utilities.DatabasePopulator] > Persisting shout03 = acme.entities.shouts.Shout{id=8, version=0}
INFO [acme.framework.utilities.DatabasePopulator] > Persisting shout04 = acme.entities.shouts.Shout{id=9, version=0}
INFO [acme.framework.utilities.DatabasePopulator] > Persisting shout05 = acme.entities.shouts.Shout{id=10, version=0}
INFO [acme.framework.utilities.DatabasePopulator] > Persisting shout06 = acme.entities.shouts.Shout{id=11, version=0}
INFO [acme.framework.utilities.DatabasePopulator] > Persisting shout07 = acme.entities.shouts.Shout{id=12, version=0}
INFO [acme.framework.utilities.DatabasePopulator] > Persisting duty01 = acme.entities.duties.Duty{id=13, version=0}
INFO [acme.framework.utilities.DatabasePopulator] > Persisting duty11 = acme.entities.duties.Duty{id=14, version=0}
INFO [acme.framework.utilities.DatabasePopulator] > Persisting duty21 = acme.entities.duties.Duty{id=15, version=0}
INFO [acme.framework.utilities.DatabasePopulator] > Persisting duty31 = acme.entities.duties.Duty{id=16, version=0}
INFO [acme.framework.utilities.DatabasePopulator] > Persisting duty41 = acme.entities.duties.Duty{id=17, version=0}
INFO [acme.framework.utilities.DatabasePopulator] > Persisting duty51 = acme.entities.duties.Duty{id=18, version=0}
INFO [acme.framework.utilities.DatabasePopulator] > Persisting duty61 = acme.entities.duties.Duty{id=19, version=0}
INFO [acme.framework.utilities.DatabasePopulator] > Persisting duty02 = acme.entities.duties.Duty{id=20, version=0}
INFO [acme.framework.utilities.DatabasePopulator] > Persisting duty03 = acme.entities.duties.Duty{id=21, version=0}
INFO [acme.framework.utilities.DatabasePopulator] > Persisting duty04 = acme.entities.duties.Duty{id=22, version=0}
INFO [acme.framework.utilities.DatabasePopulator] > Persisting duty05 = acme.entities.duties.Duty{id=23, version=0}
INFO [acme.framework.utilities.DatabasePopulator] > Persisting duty15 = acme.entities.duties.Duty{id=24, version=0}
INFO [acme.framework.utilities.DatabasePopulator] > Persisting duty25 = acme.entities.duties.Duty{id=25, version=0}
INFO [acme.framework.utilities.DatabasePopulator] > Persisting duty35 = acme.entities.duties.Duty{id=26, version=0}
INFO [acme.framework.utilities.DatabasePopulator] > Persisting duty45 = acme.entities.duties.Duty{id=27, version=0}
INFO [acme.framework.utilities.DatabasePopulator] > Persisting duty55 = acme.entities.duties.Duty{id=28, version=0}
INFO [acme.framework.utilities.DatabasePopulator] > Persisting duty65 = acme.entities.duties.Duty{id=29, version=0}
INFO [acme.framework.utilities.DatabasePopulator] > Persisting officer1UserAccount = acme.framework.entities.UserAccount{id=30, version=0}
INFO [acme.framework.utilities.DatabasePopulator] > Persisting officer1Officer = acme.entities.roles.Officer{id=31, version=0}
INFO [acme.framework.utilities.DatabasePopulator] > Persisting officer1Authenticated = acme.framework.entities.Authenticated{id=32, version=0}
INFO [acme.framework.utilities.DatabasePopulator] > Persisting officer2UserAccount = acme.framework.entities.UserAccount{id=33, version=0}
INFO [acme.framework.utilities.DatabasePopulator] > Persisting officer2Officer = acme.entities.roles.Officer{id=34, version=0}
INFO [acme.framework.utilities.DatabasePopulator] > Persisting officer2Authenticated = acme.framework.entities.Authenticated{id=35, version=0}
INFO [acme.framework.configuration.ShutdownConfiguration] The system is shutting down...
ERROR [org.apache.jsp.WEB_002dINF.views.framework.panic_jsp] HTTP GET /Acme-Endeavours/WEB-INF/views/framework/page.jsp HTTP/1.1
ERROR [org.apache.jsp.WEB_002dINF.views.framework.panic_jsp] Status: 500
ERROR [org.apache.jsp.WEB_002dINF.views.framework.panic_jsp] Exception: acme.framework.controllers.MasterController.oops(MasterController.java:133): This is a test exception!
INFO [acme.Launcher] Starting Launcher using Java 1.8.0_281 on LAPTOP-SGHB5FGA with PID 1008 (C:\Users\Antonio\Documents\antonio\informatica\cuarto 2\DP2 Diciembre\Workspace-21.1\Projects\Acme-Endeavours\target\classes started by ant_1 in C:\Users\Antonio\Documents\antonio\informatica\cuarto 2\DP2 Diciembre\Workspace-21.1\Projects\Acme-Endeavours)
INFO [acme.Launcher] The following profiles are active: development,populator
INFO [acme.Launcher] Started Launcher in 20.019 seconds (JVM running for 23.956)
INFO [acme.framework.utilities.DatabasePopulator] Populating sample data
INFO [acme.framework.utilities.DatabasePopulator] Recreating schema
INFO [acme.framework.utilities.DatabasePopulator] Populating entities from classpath:/WEB-INF/population/initial-data.xml
INFO [acme.framework.utilities.DatabasePopulator] Validating your entities.
INFO [acme.framework.utilities.DatabasePopulator] Validating anonymousUserAccount ... PASS
INFO [acme.framework.utilities.DatabasePopulator] Validating anonymousAnonymous ... PASS
INFO [acme.framework.utilities.DatabasePopulator] Validating administratorUserAccount ... PASS
INFO [acme.framework.utilities.DatabasePopulator] Validating administratorAdministrator ... PASS
INFO [acme.framework.utilities.DatabasePopulator] Validating administratorAuthenticated ... PASS
INFO [acme.framework.utilities.DatabasePopulator] Sorting your entities topologically.
INFO [acme.framework.utilities.DatabasePopulator] > Setting index 0 for anonymousUserAccount.
INFO [acme.framework.utilities.DatabasePopulator] > Setting index 1 for anonymousAnonymous.
INFO [acme.framework.utilities.DatabasePopulator] > Setting index 2 for administratorUserAccount.
INFO [acme.framework.utilities.DatabasePopulator] > Setting index 3 for administratorAdministrator.
INFO [acme.framework.utilities.DatabasePopulator] > Setting index 4 for administratorAuthenticated.
INFO [acme.framework.utilities.DatabasePopulator] Persiting your entities.
INFO [acme.framework.utilities.DatabasePopulator] > Persisting anonymousUserAccount = acme.framework.entities.UserAccount{id=1, version=0}
INFO [acme.framework.utilities.DatabasePopulator] > Persisting anonymousAnonymous = acme.framework.entities.Anonymous{id=2, version=0}
INFO [acme.framework.utilities.DatabasePopulator] > Persisting administratorUserAccount = acme.framework.entities.UserAccount{id=3, version=0}
INFO [acme.framework.utilities.DatabasePopulator] > Persisting administratorAdministrator = acme.framework.entities.Administrator{id=4, version=0}
INFO [acme.framework.utilities.DatabasePopulator] > Persisting administratorAuthenticated = acme.framework.entities.Authenticated{id=5, version=0}
INFO [acme.framework.utilities.DatabasePopulator] Populating entities from classpath:/WEB-INF/population/sample-data.xml
INFO [acme.framework.utilities.DatabasePopulator] Validating your entities.
INFO [acme.framework.utilities.DatabasePopulator] Validating shout01 ... PASS
INFO [acme.framework.utilities.DatabasePopulator] Validating shout02 ... PASS
INFO [acme.framework.utilities.DatabasePopulator] Validating shout03 ... PASS
INFO [acme.framework.utilities.DatabasePopulator] Validating shout04 ... PASS
INFO [acme.framework.utilities.DatabasePopulator] Validating shout05 ... PASS
INFO [acme.framework.utilities.DatabasePopulator] Validating shout06 ... PASS
INFO [acme.framework.utilities.DatabasePopulator] Validating shout07 ... PASS
INFO [acme.framework.utilities.DatabasePopulator] Validating duty01 ... PASS
INFO [acme.framework.utilities.DatabasePopulator] Validating duty11 ... PASS
INFO [acme.framework.utilities.DatabasePopulator] Validating duty21 ... PASS
INFO [acme.framework.utilities.DatabasePopulator] Validating duty31 ... PASS
INFO [acme.framework.utilities.DatabasePopulator] Validating duty41 ... PASS
INFO [acme.framework.utilities.DatabasePopulator] Validating duty51 ... PASS
INFO [acme.framework.utilities.DatabasePopulator] Validating duty61 ... PASS
INFO [acme.framework.utilities.DatabasePopulator] Validating duty02 ... PASS
INFO [acme.framework.utilities.DatabasePopulator] Validating duty03 ... PASS
INFO [acme.framework.utilities.DatabasePopulator] Validating duty04 ... PASS
INFO [acme.framework.utilities.DatabasePopulator] Validating duty05 ... PASS
INFO [acme.framework.utilities.DatabasePopulator] Validating duty15 ... PASS
INFO [acme.framework.utilities.DatabasePopulator] Validating duty25 ... PASS
INFO [acme.framework.utilities.DatabasePopulator] Validating duty35 ... PASS
INFO [acme.framework.utilities.DatabasePopulator] Validating duty45 ... PASS
INFO [acme.framework.utilities.DatabasePopulator] Validating duty55 ... PASS
INFO [acme.framework.utilities.DatabasePopulator] Validating duty65 ... PASS
INFO [acme.framework.utilities.DatabasePopulator] Validating officer1UserAccount ... PASS
INFO [acme.framework.utilities.DatabasePopulator] Validating officer1Officer ... PASS
INFO [acme.framework.utilities.DatabasePopulator] Validating officer1Authenticated ... PASS
INFO [acme.framework.utilities.DatabasePopulator] Validating officer2UserAccount ... PASS
INFO [acme.framework.utilities.DatabasePopulator] Validating officer2Officer ... PASS
INFO [acme.framework.utilities.DatabasePopulator] Validating officer2Authenticated ... PASS
INFO [acme.framework.utilities.DatabasePopulator] Sorting your entities topologically.
INFO [acme.framework.utilities.DatabasePopulator] > Setting index 0 for shout01.
INFO [acme.framework.utilities.DatabasePopulator] > Setting index 1 for shout02.
INFO [acme.framework.utilities.DatabasePopulator] > Setting index 2 for shout03.
INFO [acme.framework.utilities.DatabasePopulator] > Setting index 3 for shout04.
INFO [acme.framework.utilities.DatabasePopulator] > Setting index 4 for shout05.
INFO [acme.framework.utilities.DatabasePopulator] > Setting index 5 for shout06.
INFO [acme.framework.utilities.DatabasePopulator] > Setting index 6 for shout07.
INFO [acme.framework.utilities.DatabasePopulator] > Setting index 7 for duty01.
INFO [acme.framework.utilities.DatabasePopulator] > Setting index 8 for duty11.
INFO [acme.framework.utilities.DatabasePopulator] > Setting index 9 for duty21.
INFO [acme.framework.utilities.DatabasePopulator] > Setting index 10 for duty31.
INFO [acme.framework.utilities.DatabasePopulator] > Setting index 11 for duty41.
INFO [acme.framework.utilities.DatabasePopulator] > Setting index 12 for duty51.
INFO [acme.framework.utilities.DatabasePopulator] > Setting index 13 for duty61.
INFO [acme.framework.utilities.DatabasePopulator] > Setting index 14 for duty02.
INFO [acme.framework.utilities.DatabasePopulator] > Setting index 15 for duty03.
INFO [acme.framework.utilities.DatabasePopulator] > Setting index 16 for duty04.
INFO [acme.framework.utilities.DatabasePopulator] > Setting index 17 for duty05.
INFO [acme.framework.utilities.DatabasePopulator] > Setting index 18 for duty15.
INFO [acme.framework.utilities.DatabasePopulator] > Setting index 19 for duty25.
INFO [acme.framework.utilities.DatabasePopulator] > Setting index 20 for duty35.
INFO [acme.framework.utilities.DatabasePopulator] > Setting index 21 for duty45.
INFO [acme.framework.utilities.DatabasePopulator] > Setting index 22 for duty55.
INFO [acme.framework.utilities.DatabasePopulator] > Setting index 23 for duty65.
INFO [acme.framework.utilities.DatabasePopulator] > Setting index 24 for officer1UserAccount.
INFO [acme.framework.utilities.DatabasePopulator] > Setting index 25 for officer1Officer.
INFO [acme.framework.utilities.DatabasePopulator] > Setting index 26 for officer1Authenticated.
INFO [acme.framework.utilities.DatabasePopulator] > Setting index 27 for officer2UserAccount.
INFO [acme.framework.utilities.DatabasePopulator] > Setting index 28 for officer2Officer.
INFO [acme.framework.utilities.DatabasePopulator] > Setting index 29 for officer2Authenticated.
INFO [acme.framework.utilities.DatabasePopulator] Persiting your entities.
INFO [acme.framework.utilities.DatabasePopulator] > Persisting shout01 = acme.entities.shouts.Shout{id=6, version=0}
INFO [acme.framework.utilities.DatabasePopulator] > Persisting shout02 = acme.entities.shouts.Shout{id=7, version=0}
INFO [acme.framework.utilities.DatabasePopulator] > Persisting shout03 = acme.entities.shouts.Shout{id=8, version=0}
INFO [acme.framework.utilities.DatabasePopulator] > Persisting shout04 = acme.entities.shouts.Shout{id=9, version=0}
INFO [acme.framework.utilities.DatabasePopulator] > Persisting shout05 = acme.entities.shouts.Shout{id=10, version=0}
INFO [acme.framework.utilities.DatabasePopulator] > Persisting shout06 = acme.entities.shouts.Shout{id=11, version=0}
INFO [acme.framework.utilities.DatabasePopulator] > Persisting shout07 = acme.entities.shouts.Shout{id=12, version=0}
INFO [acme.framework.utilities.DatabasePopulator] > Persisting duty01 = acme.entities.duties.Duty{id=13, version=0}
INFO [acme.framework.utilities.DatabasePopulator] > Persisting duty11 = acme.entities.duties.Duty{id=14, version=0}
INFO [acme.framework.utilities.DatabasePopulator] > Persisting duty21 = acme.entities.duties.Duty{id=15, version=0}
INFO [acme.framework.utilities.DatabasePopulator] > Persisting duty31 = acme.entities.duties.Duty{id=16, version=0}
INFO [acme.framework.utilities.DatabasePopulator] > Persisting duty41 = acme.entities.duties.Duty{id=17, version=0}
INFO [acme.framework.utilities.DatabasePopulator] > Persisting duty51 = acme.entities.duties.Duty{id=18, version=0}
INFO [acme.framework.utilities.DatabasePopulator] > Persisting duty61 = acme.entities.duties.Duty{id=19, version=0}
INFO [acme.framework.utilities.DatabasePopulator] > Persisting duty02 = acme.entities.duties.Duty{id=20, version=0}
INFO [acme.framework.utilities.DatabasePopulator] > Persisting duty03 = acme.entities.duties.Duty{id=21, version=0}
INFO [acme.framework.utilities.DatabasePopulator] > Persisting duty04 = acme.entities.duties.Duty{id=22, version=0}
INFO [acme.framework.utilities.DatabasePopulator] > Persisting duty05 = acme.entities.duties.Duty{id=23, version=0}
INFO [acme.framework.utilities.DatabasePopulator] > Persisting duty15 = acme.entities.duties.Duty{id=24, version=0}
INFO [acme.framework.utilities.DatabasePopulator] > Persisting duty25 = acme.entities.duties.Duty{id=25, version=0}
INFO [acme.framework.utilities.DatabasePopulator] > Persisting duty35 = acme.entities.duties.Duty{id=26, version=0}
INFO [acme.framework.utilities.DatabasePopulator] > Persisting duty45 = acme.entities.duties.Duty{id=27, version=0}
INFO [acme.framework.utilities.DatabasePopulator] > Persisting duty55 = acme.entities.duties.Duty{id=28, version=0}
INFO [acme.framework.utilities.DatabasePopulator] > Persisting duty65 = acme.entities.duties.Duty{id=29, version=0}
INFO [acme.framework.utilities.DatabasePopulator] > Persisting officer1UserAccount = acme.framework.entities.UserAccount{id=30, version=0}
INFO [acme.framework.utilities.DatabasePopulator] > Persisting officer1Officer = acme.entities.roles.Officer{id=31, version=0}
INFO [acme.framework.utilities.DatabasePopulator] > Persisting officer1Authenticated = acme.framework.entities.Authenticated{id=32, version=0}
INFO [acme.framework.utilities.DatabasePopulator] > Persisting officer2UserAccount = acme.framework.entities.UserAccount{id=33, version=0}
INFO [acme.framework.utilities.DatabasePopulator] > Persisting officer2Officer = acme.entities.roles.Officer{id=34, version=0}
INFO [acme.framework.utilities.DatabasePopulator] > Persisting officer2Authenticated = acme.framework.entities.Authenticated{id=35, version=0}
INFO [acme.framework.configuration.ShutdownConfiguration] The system is shutting down...
ERROR [org.apache.jsp.WEB_002dINF.views.framework.panic_jsp] HTTP GET /Acme-Endeavours/WEB-INF/views/framework/page.jsp HTTP/1.1
ERROR [org.apache.jsp.WEB_002dINF.views.framework.panic_jsp] Status: 500
ERROR [org.apache.jsp.WEB_002dINF.views.framework.panic_jsp] Exception: acme.framework.controllers.MasterController.oops(MasterController.java:133): This is a test exception!
INFO [acme.Launcher] Starting Launcher using Java 1.8.0_281 on LAPTOP-SGHB5FGA with PID 19300 (C:\Users\Antonio\Documents\antonio\informatica\cuarto 2\DP2 Diciembre\Workspace-21.1\Projects\Acme-Endeavours\target\classes started by ant_1 in C:\Users\Antonio\Documents\antonio\informatica\cuarto 2\DP2 Diciembre\Workspace-21.1\Projects\Acme-Endeavours)
INFO [acme.Launcher] The following profiles are active: development,populator
INFO [acme.Launcher] Started Launcher in 32.644 seconds (JVM running for 38.957)
INFO [acme.framework.utilities.DatabasePopulator] Populating initial data
INFO [acme.framework.utilities.DatabasePopulator] Recreating schema
INFO [acme.framework.utilities.DatabasePopulator] Populating entities from classpath:/WEB-INF/population/initial-data.xml
INFO [acme.framework.utilities.DatabasePopulator] Validating your entities.
INFO [acme.framework.utilities.DatabasePopulator] Validating anonymousUserAccount ... PASS
INFO [acme.framework.utilities.DatabasePopulator] Validating anonymousAnonymous ... PASS
INFO [acme.framework.utilities.DatabasePopulator] Validating administratorUserAccount ... PASS
INFO [acme.framework.utilities.DatabasePopulator] Validating administratorAdministrator ... PASS
INFO [acme.framework.utilities.DatabasePopulator] Validating administratorAuthenticated ... PASS
INFO [acme.framework.utilities.DatabasePopulator] Sorting your entities topologically.
INFO [acme.framework.utilities.DatabasePopulator] > Setting index 0 for anonymousUserAccount.
INFO [acme.framework.utilities.DatabasePopulator] > Setting index 1 for anonymousAnonymous.
INFO [acme.framework.utilities.DatabasePopulator] > Setting index 2 for administratorUserAccount.
INFO [acme.framework.utilities.DatabasePopulator] > Setting index 3 for administratorAdministrator.
INFO [acme.framework.utilities.DatabasePopulator] > Setting index 4 for administratorAuthenticated.
INFO [acme.framework.utilities.DatabasePopulator] Persiting your entities.
INFO [acme.framework.utilities.DatabasePopulator] > Persisting anonymousUserAccount = acme.framework.entities.UserAccount{id=1, version=0}
INFO [acme.framework.utilities.DatabasePopulator] > Persisting anonymousAnonymous = acme.framework.entities.Anonymous{id=2, version=0}
INFO [acme.framework.utilities.DatabasePopulator] > Persisting administratorUserAccount = acme.framework.entities.UserAccount{id=3, version=0}
INFO [acme.framework.utilities.DatabasePopulator] > Persisting administratorAdministrator = acme.framework.entities.Administrator{id=4, version=0}
INFO [acme.framework.utilities.DatabasePopulator] > Persisting administratorAuthenticated = acme.framework.entities.Authenticated{id=5, version=0}
INFO [acme.framework.configuration.ShutdownConfiguration] The system is shutting down...
